Using pre-set license
Built from '2020.3/release' branch; Version is '2020.3.27f1 (e759542391ea) revision 15161684'; Using compiler version '192528614'; Build Type 'Release'
OS: 'Windows 10  (10.0.19044) 64bit CoreSingleLanguage' Language: 'tr' Physical Memory: 8069 MB
BatchMode: 1, IsHumanControllingUs: 0, StartBugReporterOnCrash: 0, Is64bit: 1, IsPro: 0

COMMAND LINE ARGUMENTS:
D:\UnityHub\2020.3.27f1\Editor\Unity.exe
-adb2
-batchMode
-noUpm
-name
AssetImportWorker0
-projectPath
D:/zMehmet/Unity Project/Balon Patlatma
-logFile
Logs/AssetImportWorker0.log
-srvPort
63269
Successfully changed project path to: D:/zMehmet/Unity Project/Balon Patlatma
D:/zMehmet/Unity Project/Balon Patlatma
Using Asset Import Pipeline V2.
Refreshing native plugins compatible for Editor in 76.37 ms, found 3 plugins.
Preloading 0 native plugins for Editor in 0.00 ms.
Initialize engine version: 2020.3.27f1 (e759542391ea)
[Subsystems] Discovering subsystems at path D:/UnityHub/2020.3.27f1/Editor/Data/Resources/UnitySubsystems
[Subsystems] Discovering subsystems at path D:/zMehmet/Unity Project/Balon Patlatma/Assets
GfxDevice: creating device client; threaded=0
Direct3D:
    Version:  Direct3D 11.0 [level 11.1]
    Renderer: NVIDIA GeForce MX150 (ID=0x1d10)
    Vendor:   
    VRAM:     1983 MB
    Driver:   30.0.15.1277
Initialize mono
Mono path[0] = 'D:/UnityHub/2020.3.27f1/Editor/Data/Managed'
Mono path[1] = 'D:/UnityHub/2020.3.27f1/Editor/Data/MonoBleedingEdge/lib/mono/unityjit'
Mono config path = 'D:/UnityHub/2020.3.27f1/Editor/Data/MonoBleedingEdge/etc'
Using monoOptions --debugger-agent=transport=dt_socket,embedding=1,server=y,suspend=n,address=127.0.0.1:56700
Begin MonoManager ReloadAssembly
Registering precompiled unity dll's ...
Register platform support module: D:/UnityHub/2020.3.27f1/Editor/Data/PlaybackEngines/WebGLSupport/UnityEditor.WebGL.Extensions.dll
Register platform support module: D:/UnityHub/2020.3.27f1/Editor/Data/PlaybackEngines/WindowsStandaloneSupport/UnityEditor.WindowsStandalone.Extensions.dll
Registered in 0.001422 seconds.
Native extension for WindowsStandalone target not found
Native extension for WebGL target not found
Refreshing native plugins compatible for Editor in 80.52 ms, found 3 plugins.
Preloading 0 native plugins for Editor in 0.00 ms.
Mono: successfully reloaded assembly
- Completed reload, in  0.690 seconds
Domain Reload Profiling:
	ReloadAssembly (690ms)
		BeginReloadAssembly (73ms)
			ExecutionOrderSort (0ms)
			DisableScriptedObjects (0ms)
			BackupInstance (0ms)
			ReleaseScriptingObjects (0ms)
			CreateAndSetChildDomain (1ms)
		EndReloadAssembly (548ms)
			LoadAssemblies (72ms)
			RebuildTransferFunctionScriptingTraits (0ms)
			SetupTypeCache (161ms)
			ReleaseScriptCaches (0ms)
			RebuildScriptCaches (34ms)
			SetupLoadedEditorAssemblies (220ms)
				LogAssemblyErrors (0ms)
				InitializePlatformSupportModulesInManaged (5ms)
				SetLoadedEditorAssemblies (0ms)
				RefreshPlugins (81ms)
				BeforeProcessingInitializeOnLoad (19ms)
				ProcessInitializeOnLoadAttributes (86ms)
				ProcessInitializeOnLoadMethodAttributes (29ms)
				AfterProcessingInitializeOnLoad (0ms)
				EditorAssembliesLoaded (0ms)
			ExecutionOrderSort2 (0ms)
			AwakeInstancesAfterBackupRestoration (0ms)
Platform modules already initialized, skipping
Registering precompiled user dll's ...
Registered in 0.004543 seconds.
Begin MonoManager ReloadAssembly
Native extension for WindowsStandalone target not found
Native extension for WebGL target not found
Refreshing native plugins compatible for Editor in 78.90 ms, found 3 plugins.
Preloading 0 native plugins for Editor in 0.00 ms.
Mono: successfully reloaded assembly
- Completed reload, in  1.254 seconds
Domain Reload Profiling:
	ReloadAssembly (1256ms)
		BeginReloadAssembly (179ms)
			ExecutionOrderSort (0ms)
			DisableScriptedObjects (5ms)
			BackupInstance (0ms)
			ReleaseScriptingObjects (0ms)
			CreateAndSetChildDomain (24ms)
		EndReloadAssembly (1013ms)
			LoadAssemblies (110ms)
			RebuildTransferFunctionScriptingTraits (0ms)
			SetupTypeCache (335ms)
			ReleaseScriptCaches (0ms)
			RebuildScriptCaches (53ms)
			SetupLoadedEditorAssemblies (394ms)
				LogAssemblyErrors (0ms)
				InitializePlatformSupportModulesInManaged (4ms)
				SetLoadedEditorAssemblies (0ms)
				RefreshPlugins (79ms)
				BeforeProcessingInitializeOnLoad (81ms)
				ProcessInitializeOnLoadAttributes (207ms)
				ProcessInitializeOnLoadMethodAttributes (20ms)
				AfterProcessingInitializeOnLoad (3ms)
				EditorAssembliesLoaded (0ms)
			ExecutionOrderSort2 (0ms)
			AwakeInstancesAfterBackupRestoration (7ms)
Platform modules already initialized, skipping
========================================================================
Worker process is ready to serve import requests
Launched and connected shader compiler UnityShaderCompiler.exe after 0.12 seconds
Refreshing native plugins compatible for Editor in 0.91 ms, found 3 plugins.
Preloading 0 native plugins for Editor in 0.00 ms.
Unloading 2208 Unused Serialized files (Serialized files now loaded: 0)
System memory in use before: 99.3 MB.
System memory in use after: 99.2 MB.

Unloading 32 unused Assets to reduce memory usage. Loaded Objects now: 2640.
Total: 4.881700 ms (FindLiveObjects: 0.438900 ms CreateObjectMapping: 0.196700 ms MarkObjects: 4.064000 ms  DeleteObjects: 0.179500 ms)

AssetImportParameters requested are different than current active one (requested -> active):
  custom:framework-win-MediaFoundation: 216162199b28c13a410421893ffa2e32 -> 
  custom:video-decoder-ogg-theora: a1e56fd34408186e4bbccfd4996cb3dc -> 
  custom:container-muxer-webm: aa71ff27fc2769a1b78a27578f13a17b -> 
  custom:container-demuxer-webm: 4f35f7cbe854078d1ac9338744f61a02 -> 
  custom:container-demuxer-ogg: 62fdf1f143b41e24485cea50d1cbac27 -> 
  custom:video-encoder-webm-vp8: eb34c28f22e8b96e1ab97ce403110664 -> 
  custom:video-decoder-webm-vp8: 9c59270c3fd7afecdb556c50c9e8de78 -> 
  custom:audio-decoder-ogg-vorbis: bf7c407c2cedff20999df2af8eb42d56 -> 
  custom:audio-encoder-webm-vorbis: bf7c407c2cedff20999df2af8eb42d56 -> 
========================================================================
Received Import Request.
  path: Assets/Scripts/BalonPatlatma.cs
  artifactKey: Guid(aae86105f1ed2d047a93726fba01860e) Importer(815301076,1909f56bfc062723c751e8b465ee728b)
Start importing Assets/Scripts/BalonPatlatma.cs using Guid(aae86105f1ed2d047a93726fba01860e) Importer(815301076,1909f56bfc062723c751e8b465ee728b)  -> (artifact id: '0eb04085e2ea2274d0f1d1a03548f3fe') in 0.268111 seconds 
  Import took 0.324607 seconds .

========================================================================
Received Import Request.
  Time since last request: 18.014371 seconds.
  path: Assets/Scripts/DuraklatmaKontrol.cs
  artifactKey: Guid(d8776b2a95ca37e4791bf3ed7c3ea5cf) Importer(815301076,1909f56bfc062723c751e8b465ee728b)
Start importing Assets/Scripts/DuraklatmaKontrol.cs using Guid(d8776b2a95ca37e4791bf3ed7c3ea5cf) Importer(815301076,1909f56bfc062723c751e8b465ee728b)  -> (artifact id: '601faae6035c3327e60ba6b27693eaad') in 0.004993 seconds 
  Import took 0.067675 seconds .

========================================================================
Received Import Request.
  Time since last request: 5.948725 seconds.
  path: Assets/Scripts/KacanBalonKontrol.cs
  artifactKey: Guid(df8082da4ff9b91408ba73070c3de53b) Importer(815301076,1909f56bfc062723c751e8b465ee728b)
Start importing Assets/Scripts/KacanBalonKontrol.cs using Guid(df8082da4ff9b91408ba73070c3de53b) Importer(815301076,1909f56bfc062723c751e8b465ee728b)  -> (artifact id: '92d62490fd16c69f4241f313999835ad') in 0.042012 seconds 
  Import took 0.102243 seconds .

========================================================================
Received Import Request.
  Time since last request: 7.623702 seconds.
  path: Assets/Scripts/SesKontrol.cs
  artifactKey: Guid(bb8472c012c0cec45bbe2edcb9e901e1) Importer(815301076,1909f56bfc062723c751e8b465ee728b)
Start importing Assets/Scripts/SesKontrol.cs using Guid(bb8472c012c0cec45bbe2edcb9e901e1) Importer(815301076,1909f56bfc062723c751e8b465ee728b)  -> (artifact id: '31e283294e2786c1627eed368738f1ad') in 0.008573 seconds 
  Import took 0.065306 seconds .

========================================================================
Received Import Request.
  Time since last request: 10.285687 seconds.
  path: Assets/Scripts/ZamanKontrol.cs
  artifactKey: Guid(3ce195de61925e5469a80341df103ce3) Importer(815301076,1909f56bfc062723c751e8b465ee728b)
Start importing Assets/Scripts/ZamanKontrol.cs using Guid(3ce195de61925e5469a80341df103ce3) Importer(815301076,1909f56bfc062723c751e8b465ee728b)  -> (artifact id: '1a579660760dd0ca7216d531cd065322') in 0.053147 seconds 
  Import took 0.092456 seconds .

========================================================================
Received Import Request.
  Time since last request: 5.291696 seconds.
  path: Assets/Scripts/RandomBalon.cs
  artifactKey: Guid(03a61c3903c6f8c4bb31f4ab129f351f) Importer(815301076,1909f56bfc062723c751e8b465ee728b)
Start importing Assets/Scripts/RandomBalon.cs using Guid(03a61c3903c6f8c4bb31f4ab129f351f) Importer(815301076,1909f56bfc062723c751e8b465ee728b)  -> (artifact id: '9dacf74c350aaf07916b2baa81a3d16e') in 0.005469 seconds 
  Import took 0.043468 seconds .

AssetImportWorkerClient::OnTransportError - code=2 error=End of file
